[debug] [2021-03-11T19:56:01.228Z] ----------------------------------------------------------------------
[debug] [2021-03-11T19:56:01.229Z] Command:       C:\Program Files\nodejs\node.exe C:\Users\user\AppData\Roaming\npm\node_modules\firebase-tools\lib\bin\firebase.js init
[debug] [2021-03-11T19:56:01.229Z] CLI Version:   9.6.0
[debug] [2021-03-11T19:56:01.229Z] Platform:      win32
[debug] [2021-03-11T19:56:01.229Z] Node Version:  v14.15.4
[debug] [2021-03-11T19:56:01.230Z] Time:          Thu Mar 11 2021 20:56:01 GMT+0100 (Central European Standard Time)
[debug] [2021-03-11T19:56:01.230Z] ----------------------------------------------------------------------
[debug] [2021-03-11T19:56:01.230Z] 
[debug] [2021-03-11T19:56:01.234Z] > command requires scopes: ["email","openid","https://www.googleapis.com/auth/cloudplatformprojects.readonly","https://www.googleapis.com/auth/firebase","https://www.googleapis.com/auth/cloud-platform"]
[debug] [2021-03-11T19:56:01.235Z] > authorizing via signed-in user
[info] 
     ######## #### ########  ######## ########     ###     ######  ########
     ##        ##  ##     ## ##       ##     ##  ##   ##  ##       ##
     ######    ##  ########  ######   ########  #########  ######  ######
     ##        ##  ##    ##  ##       ##     ## ##     ##       ## ##
     ##       #### ##     ## ######## ########  ##     ##  ######  ########

You're about to initialize a Firebase project in this directory:

  C:\Development\sfibot

Before we get started, keep in mind:

  * You are currently outside your home directory

[debug] [2021-03-11T19:56:37.327Z] ----------------------------------------------------------------------
[debug] [2021-03-11T19:56:37.329Z] Command:       C:\Program Files\nodejs\node.exe C:\Users\user\AppData\Roaming\npm\node_modules\firebase-tools\lib\bin\firebase.js init
[debug] [2021-03-11T19:56:37.329Z] CLI Version:   9.6.0
[debug] [2021-03-11T19:56:37.329Z] Platform:      win32
[debug] [2021-03-11T19:56:37.329Z] Node Version:  v14.15.4
[debug] [2021-03-11T19:56:37.330Z] Time:          Thu Mar 11 2021 20:56:37 GMT+0100 (Central European Standard Time)
[debug] [2021-03-11T19:56:37.330Z] ----------------------------------------------------------------------
[debug] [2021-03-11T19:56:37.330Z] 
[debug] [2021-03-11T19:56:37.334Z] > command requires scopes: ["email","openid","https://www.googleapis.com/auth/cloudplatformprojects.readonly","https://www.googleapis.com/auth/firebase","https://www.googleapis.com/auth/cloud-platform"]
[debug] [2021-03-11T19:56:37.335Z] > authorizing via signed-in user
[info] 
     ######## #### ########  ######## ########     ###     ######  ########
     ##        ##  ##     ## ##       ##     ##  ##   ##  ##       ##
     ######    ##  ########  ######   ########  #########  ######  ######
     ##        ##  ##    ##  ##       ##     ## ##     ##       ## ##
     ##       #### ##     ## ######## ########  ##     ##  ######  ########

You're about to initialize a Firebase project in this directory:

  C:\Development\sfibot

Before we get started, keep in mind:

  * You are currently outside your home directory

